<?xml version="1.0" encoding="UTF-8"?>
<!-- Generated by org.testng.reporters.JUnitReportReporter -->
<testsuite hostname="hp" failures="0" tests="1" name="com.project.session.NewTest" time="0.027" errors="0" timestamp="10 Nov 2022 15:10:21 GMT" skipped="0">
  <testcase classname="com.project.session.NewTest" name="Login" time="0.027"/>
</testsuite> <!-- com.project.session.NewTest -->
